{"total": {"lines":{"total":2979,"covered":1225,"skipped":0,"pct":41.12},"statements":{"total":2979,"covered":1225,"skipped":0,"pct":41.12},"functions":{"total":173,"covered":73,"skipped":0,"pct":42.19},"branches":{"total":354,"covered":190,"skipped":0,"pct":53.67},"branchesTrue":{"total":0,"covered":0,"skipped":0,"pct":100}}
,"/Users/ryanemorton/Documents/GitHub/myIO/inst/htmlwidgets/myIO/src/Chart.js": {"lines":{"total":413,"covered":294,"skipped":0,"pct":71.18},"functions":{"total":24,"covered":14,"skipped":0,"pct":58.33},"statements":{"total":413,"covered":294,"skipped":0,"pct":71.18},"branches":{"total":96,"covered":40,"skipped":0,"pct":41.66}}
,"/Users/ryanemorton/Documents/GitHub/myIO/inst/htmlwidgets/myIO/src/index.js": {"lines":{"total":4,"covered":0,"skipped":0,"pct":0},"functions":{"total":1,"covered":0,"skipped":0,"pct":0},"statements":{"total":4,"covered":0,"skipped":0,"pct":0},"branches":{"total":1,"covered":0,"skipped":0,"pct":0}}
,"/Users/ryanemorton/Documents/GitHub/myIO/inst/htmlwidgets/myIO/src/registry.js": {"lines":{"total":72,"covered":62,"skipped":0,"pct":86.11},"functions":{"total":5,"covered":4,"skipped":0,"pct":80},"statements":{"total":72,"covered":62,"skipped":0,"pct":86.11},"branches":{"total":20,"covered":15,"skipped":0,"pct":75}}
,"/Users/ryanemorton/Documents/GitHub/myIO/inst/htmlwidgets/myIO/src/tooltip.js": {"lines":{"total":147,"covered":34,"skipped":0,"pct":23.12},"functions":{"total":8,"covered":3,"skipped":0,"pct":37.5},"statements":{"total":147,"covered":34,"skipped":0,"pct":23.12},"branches":{"total":4,"covered":3,"skipped":0,"pct":75}}
,"/Users/ryanemorton/Documents/GitHub/myIO/inst/htmlwidgets/myIO/src/derive/chart-render.js": {"lines":{"total":46,"covered":31,"skipped":0,"pct":67.39},"functions":{"total":8,"covered":2,"skipped":0,"pct":25},"statements":{"total":46,"covered":31,"skipped":0,"pct":67.39},"branches":{"total":11,"covered":7,"skipped":0,"pct":63.63}}
,"/Users/ryanemorton/Documents/GitHub/myIO/inst/htmlwidgets/myIO/src/derive/scales.js": {"lines":{"total":140,"covered":83,"skipped":0,"pct":59.28},"functions":{"total":3,"covered":2,"skipped":0,"pct":66.66},"statements":{"total":140,"covered":83,"skipped":0,"pct":59.28},"branches":{"total":34,"covered":17,"skipped":0,"pct":50}}
,"/Users/ryanemorton/Documents/GitHub/myIO/inst/htmlwidgets/myIO/src/derive/validate.js": {"lines":{"total":137,"covered":99,"skipped":0,"pct":72.26},"functions":{"total":4,"covered":4,"skipped":0,"pct":100},"statements":{"total":137,"covered":99,"skipped":0,"pct":72.26},"branches":{"total":46,"covered":25,"skipped":0,"pct":54.34}}
,"/Users/ryanemorton/Documents/GitHub/myIO/inst/htmlwidgets/myIO/src/interactions/buttons.js": {"lines":{"total":89,"covered":57,"skipped":0,"pct":64.04},"functions":{"total":7,"covered":6,"skipped":0,"pct":85.71},"statements":{"total":89,"covered":57,"skipped":0,"pct":64.04},"branches":{"total":12,"covered":9,"skipped":0,"pct":75}}
,"/Users/ryanemorton/Documents/GitHub/myIO/inst/htmlwidgets/myIO/src/interactions/drag.js": {"lines":{"total":23,"covered":2,"skipped":0,"pct":8.69},"functions":{"total":1,"covered":0,"skipped":0,"pct":0},"statements":{"total":23,"covered":2,"skipped":0,"pct":8.69},"branches":{"total":0,"covered":0,"skipped":0,"pct":100}}
,"/Users/ryanemorton/Documents/GitHub/myIO/inst/htmlwidgets/myIO/src/interactions/rollover.js": {"lines":{"total":318,"covered":56,"skipped":0,"pct":17.61},"functions":{"total":15,"covered":2,"skipped":0,"pct":13.33},"statements":{"total":318,"covered":56,"skipped":0,"pct":17.61},"branches":{"total":18,"covered":8,"skipped":0,"pct":44.44}}
,"/Users/ryanemorton/Documents/GitHub/myIO/inst/htmlwidgets/myIO/src/layout/axes.js": {"lines":{"total":68,"covered":54,"skipped":0,"pct":79.41},"functions":{"total":6,"covered":4,"skipped":0,"pct":66.66},"statements":{"total":68,"covered":54,"skipped":0,"pct":79.41},"branches":{"total":15,"covered":4,"skipped":0,"pct":26.66}}
,"/Users/ryanemorton/Documents/GitHub/myIO/inst/htmlwidgets/myIO/src/layout/legend.js": {"lines":{"total":309,"covered":100,"skipped":0,"pct":32.36},"functions":{"total":8,"covered":3,"skipped":0,"pct":37.5},"statements":{"total":309,"covered":100,"skipped":0,"pct":32.36},"branches":{"total":24,"covered":11,"skipped":0,"pct":45.83}}
,"/Users/ryanemorton/Documents/GitHub/myIO/inst/htmlwidgets/myIO/src/layout/reference-lines.js": {"lines":{"total":74,"covered":18,"skipped":0,"pct":24.32},"functions":{"total":2,"covered":2,"skipped":0,"pct":100},"statements":{"total":74,"covered":18,"skipped":0,"pct":24.32},"branches":{"total":5,"covered":2,"skipped":0,"pct":40}}
,"/Users/ryanemorton/Documents/GitHub/myIO/inst/htmlwidgets/myIO/src/layout/scaffold.js": {"lines":{"total":86,"covered":54,"skipped":0,"pct":62.79},"functions":{"total":5,"covered":4,"skipped":0,"pct":80},"statements":{"total":86,"covered":54,"skipped":0,"pct":62.79},"branches":{"total":16,"covered":9,"skipped":0,"pct":56.25}}
,"/Users/ryanemorton/Documents/GitHub/myIO/inst/htmlwidgets/myIO/src/renderers/AreaRenderer.js": {"lines":{"total":46,"covered":9,"skipped":0,"pct":19.56},"functions":{"total":4,"covered":1,"skipped":0,"pct":25},"statements":{"total":46,"covered":9,"skipped":0,"pct":19.56},"branches":{"total":1,"covered":1,"skipped":0,"pct":100}}
,"/Users/ryanemorton/Documents/GitHub/myIO/inst/htmlwidgets/myIO/src/renderers/BarRenderer.js": {"lines":{"total":112,"covered":10,"skipped":0,"pct":8.92},"functions":{"total":8,"covered":1,"skipped":0,"pct":12.5},"statements":{"total":112,"covered":10,"skipped":0,"pct":8.92},"branches":{"total":1,"covered":1,"skipped":0,"pct":100}}
,"/Users/ryanemorton/Documents/GitHub/myIO/inst/htmlwidgets/myIO/src/renderers/DonutRenderer.js": {"lines":{"total":105,"covered":8,"skipped":0,"pct":7.61},"functions":{"total":3,"covered":1,"skipped":0,"pct":33.33},"statements":{"total":105,"covered":8,"skipped":0,"pct":7.61},"branches":{"total":1,"covered":1,"skipped":0,"pct":100}}
,"/Users/ryanemorton/Documents/GitHub/myIO/inst/htmlwidgets/myIO/src/renderers/GaugeRenderer.js": {"lines":{"total":68,"covered":8,"skipped":0,"pct":11.76},"functions":{"total":3,"covered":1,"skipped":0,"pct":33.33},"statements":{"total":68,"covered":8,"skipped":0,"pct":11.76},"branches":{"total":1,"covered":1,"skipped":0,"pct":100}}
,"/Users/ryanemorton/Documents/GitHub/myIO/inst/htmlwidgets/myIO/src/renderers/GroupedBarRenderer.js": {"lines":{"total":40,"covered":11,"skipped":0,"pct":27.5},"functions":{"total":5,"covered":1,"skipped":0,"pct":20},"statements":{"total":40,"covered":11,"skipped":0,"pct":27.5},"branches":{"total":1,"covered":1,"skipped":0,"pct":100}}
,"/Users/ryanemorton/Documents/GitHub/myIO/inst/htmlwidgets/myIO/src/renderers/HexbinRenderer.js": {"lines":{"total":46,"covered":10,"skipped":0,"pct":21.73},"functions":{"total":5,"covered":1,"skipped":0,"pct":20},"statements":{"total":46,"covered":10,"skipped":0,"pct":21.73},"branches":{"total":1,"covered":1,"skipped":0,"pct":100}}
,"/Users/ryanemorton/Documents/GitHub/myIO/inst/htmlwidgets/myIO/src/renderers/HistogramRenderer.js": {"lines":{"total":43,"covered":10,"skipped":0,"pct":23.25},"functions":{"total":5,"covered":1,"skipped":0,"pct":20},"statements":{"total":43,"covered":10,"skipped":0,"pct":23.25},"branches":{"total":1,"covered":1,"skipped":0,"pct":100}}
,"/Users/ryanemorton/Documents/GitHub/myIO/inst/htmlwidgets/myIO/src/renderers/LineRenderer.js": {"lines":{"total":92,"covered":87,"skipped":0,"pct":94.56},"functions":{"total":5,"covered":3,"skipped":0,"pct":60},"statements":{"total":92,"covered":87,"skipped":0,"pct":94.56},"branches":{"total":16,"covered":13,"skipped":0,"pct":81.25}}
,"/Users/ryanemorton/Documents/GitHub/myIO/inst/htmlwidgets/myIO/src/renderers/PointRenderer.js": {"lines":{"total":132,"covered":51,"skipped":0,"pct":38.63},"functions":{"total":7,"covered":3,"skipped":0,"pct":42.85},"statements":{"total":132,"covered":51,"skipped":0,"pct":38.63},"branches":{"total":10,"covered":6,"skipped":0,"pct":60}}
,"/Users/ryanemorton/Documents/GitHub/myIO/inst/htmlwidgets/myIO/src/renderers/TreemapRenderer.js": {"lines":{"total":78,"covered":9,"skipped":0,"pct":11.53},"functions":{"total":3,"covered":1,"skipped":0,"pct":33.33},"statements":{"total":78,"covered":9,"skipped":0,"pct":11.53},"branches":{"total":1,"covered":1,"skipped":0,"pct":100}}
,"/Users/ryanemorton/Documents/GitHub/myIO/inst/htmlwidgets/myIO/src/renderers/groupedBarHelpers.js": {"lines":{"total":95,"covered":4,"skipped":0,"pct":4.21},"functions":{"total":4,"covered":0,"skipped":0,"pct":0},"statements":{"total":95,"covered":4,"skipped":0,"pct":4.21},"branches":{"total":0,"covered":0,"skipped":0,"pct":100}}
,"/Users/ryanemorton/Documents/GitHub/myIO/inst/htmlwidgets/myIO/src/themes/palettes.js": {"lines":{"total":10,"covered":0,"skipped":0,"pct":0},"functions":{"total":1,"covered":0,"skipped":0,"pct":0},"statements":{"total":10,"covered":0,"skipped":0,"pct":0},"branches":{"total":1,"covered":0,"skipped":0,"pct":0}}
,"/Users/ryanemorton/Documents/GitHub/myIO/inst/htmlwidgets/myIO/src/utils/export-csv.js": {"lines":{"total":29,"covered":1,"skipped":0,"pct":3.44},"functions":{"total":1,"covered":0,"skipped":0,"pct":0},"statements":{"total":29,"covered":1,"skipped":0,"pct":3.44},"branches":{"total":0,"covered":0,"skipped":0,"pct":100}}
,"/Users/ryanemorton/Documents/GitHub/myIO/inst/htmlwidgets/myIO/src/utils/export-svg.js": {"lines":{"total":94,"covered":2,"skipped":0,"pct":2.12},"functions":{"total":2,"covered":0,"skipped":0,"pct":0},"statements":{"total":94,"covered":2,"skipped":0,"pct":2.12},"branches":{"total":0,"covered":0,"skipped":0,"pct":100}}
,"/Users/ryanemorton/Documents/GitHub/myIO/inst/htmlwidgets/myIO/src/utils/file-saver.js": {"lines":{"total":5,"covered":5,"skipped":0,"pct":100},"functions":{"total":10,"covered":0,"skipped":0,"pct":0},"statements":{"total":5,"covered":5,"skipped":0,"pct":100},"branches":{"total":3,"covered":1,"skipped":0,"pct":33.33}}
,"/Users/ryanemorton/Documents/GitHub/myIO/inst/htmlwidgets/myIO/src/utils/math.js": {"lines":{"total":36,"covered":34,"skipped":0,"pct":94.44},"functions":{"total":3,"covered":2,"skipped":0,"pct":66.66},"statements":{"total":36,"covered":34,"skipped":0,"pct":94.44},"branches":{"total":5,"covered":5,"skipped":0,"pct":100}}
,"/Users/ryanemorton/Documents/GitHub/myIO/inst/htmlwidgets/myIO/src/utils/responsive.js": {"lines":{"total":22,"covered":22,"skipped":0,"pct":100},"functions":{"total":7,"covered":7,"skipped":0,"pct":100},"statements":{"total":22,"covered":22,"skipped":0,"pct":100},"branches":{"total":9,"covered":7,"skipped":0,"pct":77.77}}
}
