{"total": {"lines":{"total":2979,"covered":1851,"skipped":0,"pct":62.13},"statements":{"total":2979,"covered":1851,"skipped":0,"pct":62.13},"functions":{"total":181,"covered":124,"skipped":0,"pct":68.5},"branches":{"total":573,"covered":419,"skipped":0,"pct":73.12},"branchesTrue":{"total":0,"covered":0,"skipped":0,"pct":100}}
,"/Users/ryanemorton/Documents/GitHub/myIO/inst/htmlwidgets/myIO/src/Chart.js": {"lines":{"total":413,"covered":297,"skipped":0,"pct":71.91},"functions":{"total":24,"covered":15,"skipped":0,"pct":62.5},"statements":{"total":413,"covered":297,"skipped":0,"pct":71.91},"branches":{"total":104,"covered":52,"skipped":0,"pct":50}}
,"/Users/ryanemorton/Documents/GitHub/myIO/inst/htmlwidgets/myIO/src/index.js": {"lines":{"total":4,"covered":0,"skipped":0,"pct":0},"functions":{"total":1,"covered":0,"skipped":0,"pct":0},"statements":{"total":4,"covered":0,"skipped":0,"pct":0},"branches":{"total":1,"covered":0,"skipped":0,"pct":0}}
,"/Users/ryanemorton/Documents/GitHub/myIO/inst/htmlwidgets/myIO/src/registry.js": {"lines":{"total":72,"covered":62,"skipped":0,"pct":86.11},"functions":{"total":5,"covered":4,"skipped":0,"pct":80},"statements":{"total":72,"covered":62,"skipped":0,"pct":86.11},"branches":{"total":20,"covered":15,"skipped":0,"pct":75}}
,"/Users/ryanemorton/Documents/GitHub/myIO/inst/htmlwidgets/myIO/src/tooltip.js": {"lines":{"total":147,"covered":127,"skipped":0,"pct":86.39},"functions":{"total":9,"covered":9,"skipped":0,"pct":100},"statements":{"total":147,"covered":127,"skipped":0,"pct":86.39},"branches":{"total":32,"covered":27,"skipped":0,"pct":84.37}}
,"/Users/ryanemorton/Documents/GitHub/myIO/inst/htmlwidgets/myIO/src/derive/chart-render.js": {"lines":{"total":46,"covered":45,"skipped":0,"pct":97.82},"functions":{"total":8,"covered":8,"skipped":0,"pct":100},"statements":{"total":46,"covered":45,"skipped":0,"pct":97.82},"branches":{"total":27,"covered":25,"skipped":0,"pct":92.59}}
,"/Users/ryanemorton/Documents/GitHub/myIO/inst/htmlwidgets/myIO/src/derive/scales.js": {"lines":{"total":140,"covered":90,"skipped":0,"pct":64.28},"functions":{"total":3,"covered":2,"skipped":0,"pct":66.66},"statements":{"total":140,"covered":90,"skipped":0,"pct":64.28},"branches":{"total":36,"covered":20,"skipped":0,"pct":55.55}}
,"/Users/ryanemorton/Documents/GitHub/myIO/inst/htmlwidgets/myIO/src/derive/validate.js": {"lines":{"total":137,"covered":134,"skipped":0,"pct":97.81},"functions":{"total":4,"covered":4,"skipped":0,"pct":100},"statements":{"total":137,"covered":134,"skipped":0,"pct":97.81},"branches":{"total":71,"covered":64,"skipped":0,"pct":90.14}}
,"/Users/ryanemorton/Documents/GitHub/myIO/inst/htmlwidgets/myIO/src/interactions/buttons.js": {"lines":{"total":89,"covered":57,"skipped":0,"pct":64.04},"functions":{"total":7,"covered":6,"skipped":0,"pct":85.71},"statements":{"total":89,"covered":57,"skipped":0,"pct":64.04},"branches":{"total":13,"covered":11,"skipped":0,"pct":84.61}}
,"/Users/ryanemorton/Documents/GitHub/myIO/inst/htmlwidgets/myIO/src/interactions/drag.js": {"lines":{"total":23,"covered":2,"skipped":0,"pct":8.69},"functions":{"total":1,"covered":0,"skipped":0,"pct":0},"statements":{"total":23,"covered":2,"skipped":0,"pct":8.69},"branches":{"total":0,"covered":0,"skipped":0,"pct":100}}
,"/Users/ryanemorton/Documents/GitHub/myIO/inst/htmlwidgets/myIO/src/interactions/rollover.js": {"lines":{"total":318,"covered":76,"skipped":0,"pct":23.89},"functions":{"total":15,"covered":3,"skipped":0,"pct":20},"statements":{"total":318,"covered":76,"skipped":0,"pct":23.89},"branches":{"total":20,"covered":12,"skipped":0,"pct":60}}
,"/Users/ryanemorton/Documents/GitHub/myIO/inst/htmlwidgets/myIO/src/layout/axes.js": {"lines":{"total":68,"covered":64,"skipped":0,"pct":94.11},"functions":{"total":6,"covered":4,"skipped":0,"pct":66.66},"statements":{"total":68,"covered":64,"skipped":0,"pct":94.11},"branches":{"total":19,"covered":8,"skipped":0,"pct":42.1}}
,"/Users/ryanemorton/Documents/GitHub/myIO/inst/htmlwidgets/myIO/src/layout/legend.js": {"lines":{"total":309,"covered":170,"skipped":0,"pct":55.01},"functions":{"total":9,"covered":5,"skipped":0,"pct":55.55},"statements":{"total":309,"covered":170,"skipped":0,"pct":55.01},"branches":{"total":44,"covered":28,"skipped":0,"pct":63.63}}
,"/Users/ryanemorton/Documents/GitHub/myIO/inst/htmlwidgets/myIO/src/layout/reference-lines.js": {"lines":{"total":74,"covered":20,"skipped":0,"pct":27.02},"functions":{"total":2,"covered":2,"skipped":0,"pct":100},"statements":{"total":74,"covered":20,"skipped":0,"pct":27.02},"branches":{"total":6,"covered":4,"skipped":0,"pct":66.66}}
,"/Users/ryanemorton/Documents/GitHub/myIO/inst/htmlwidgets/myIO/src/layout/scaffold.js": {"lines":{"total":86,"covered":66,"skipped":0,"pct":76.74},"functions":{"total":5,"covered":4,"skipped":0,"pct":80},"statements":{"total":86,"covered":66,"skipped":0,"pct":76.74},"branches":{"total":21,"covered":18,"skipped":0,"pct":85.71}}
,"/Users/ryanemorton/Documents/GitHub/myIO/inst/htmlwidgets/myIO/src/renderers/AreaRenderer.js": {"lines":{"total":46,"covered":46,"skipped":0,"pct":100},"functions":{"total":4,"covered":4,"skipped":0,"pct":100},"statements":{"total":46,"covered":46,"skipped":0,"pct":100},"branches":{"total":8,"covered":8,"skipped":0,"pct":100}}
,"/Users/ryanemorton/Documents/GitHub/myIO/inst/htmlwidgets/myIO/src/renderers/BarRenderer.js": {"lines":{"total":112,"covered":66,"skipped":0,"pct":58.92},"functions":{"total":8,"covered":7,"skipped":0,"pct":87.5},"statements":{"total":112,"covered":66,"skipped":0,"pct":58.92},"branches":{"total":18,"covered":13,"skipped":0,"pct":72.22}}
,"/Users/ryanemorton/Documents/GitHub/myIO/inst/htmlwidgets/myIO/src/renderers/DonutRenderer.js": {"lines":{"total":105,"covered":100,"skipped":0,"pct":95.23},"functions":{"total":4,"covered":4,"skipped":0,"pct":100},"statements":{"total":105,"covered":100,"skipped":0,"pct":95.23},"branches":{"total":36,"covered":31,"skipped":0,"pct":86.11}}
,"/Users/ryanemorton/Documents/GitHub/myIO/inst/htmlwidgets/myIO/src/renderers/GaugeRenderer.js": {"lines":{"total":68,"covered":62,"skipped":0,"pct":91.17},"functions":{"total":3,"covered":3,"skipped":0,"pct":100},"statements":{"total":68,"covered":62,"skipped":0,"pct":91.17},"branches":{"total":14,"covered":11,"skipped":0,"pct":78.57}}
,"/Users/ryanemorton/Documents/GitHub/myIO/inst/htmlwidgets/myIO/src/renderers/GroupedBarRenderer.js": {"lines":{"total":40,"covered":17,"skipped":0,"pct":42.5},"functions":{"total":5,"covered":4,"skipped":0,"pct":80},"statements":{"total":40,"covered":17,"skipped":0,"pct":42.5},"branches":{"total":4,"covered":4,"skipped":0,"pct":100}}
,"/Users/ryanemorton/Documents/GitHub/myIO/inst/htmlwidgets/myIO/src/renderers/HexbinRenderer.js": {"lines":{"total":46,"covered":14,"skipped":0,"pct":30.43},"functions":{"total":5,"covered":3,"skipped":0,"pct":60},"statements":{"total":46,"covered":14,"skipped":0,"pct":30.43},"branches":{"total":3,"covered":3,"skipped":0,"pct":100}}
,"/Users/ryanemorton/Documents/GitHub/myIO/inst/htmlwidgets/myIO/src/renderers/HistogramRenderer.js": {"lines":{"total":43,"covered":16,"skipped":0,"pct":37.2},"functions":{"total":5,"covered":4,"skipped":0,"pct":80},"statements":{"total":43,"covered":16,"skipped":0,"pct":37.2},"branches":{"total":4,"covered":4,"skipped":0,"pct":100}}
,"/Users/ryanemorton/Documents/GitHub/myIO/inst/htmlwidgets/myIO/src/renderers/LineRenderer.js": {"lines":{"total":92,"covered":92,"skipped":0,"pct":100},"functions":{"total":5,"covered":5,"skipped":0,"pct":100},"statements":{"total":92,"covered":92,"skipped":0,"pct":100},"branches":{"total":18,"covered":15,"skipped":0,"pct":83.33}}
,"/Users/ryanemorton/Documents/GitHub/myIO/inst/htmlwidgets/myIO/src/renderers/PointRenderer.js": {"lines":{"total":132,"covered":57,"skipped":0,"pct":43.18},"functions":{"total":7,"covered":5,"skipped":0,"pct":71.42},"statements":{"total":132,"covered":57,"skipped":0,"pct":43.18},"branches":{"total":14,"covered":10,"skipped":0,"pct":71.42}}
,"/Users/ryanemorton/Documents/GitHub/myIO/inst/htmlwidgets/myIO/src/renderers/TreemapRenderer.js": {"lines":{"total":78,"covered":11,"skipped":0,"pct":14.1},"functions":{"total":3,"covered":2,"skipped":0,"pct":66.66},"statements":{"total":78,"covered":11,"skipped":0,"pct":14.1},"branches":{"total":2,"covered":2,"skipped":0,"pct":100}}
,"/Users/ryanemorton/Documents/GitHub/myIO/inst/htmlwidgets/myIO/src/renderers/groupedBarHelpers.js": {"lines":{"total":95,"covered":4,"skipped":0,"pct":4.21},"functions":{"total":4,"covered":0,"skipped":0,"pct":0},"statements":{"total":95,"covered":4,"skipped":0,"pct":4.21},"branches":{"total":0,"covered":0,"skipped":0,"pct":100}}
,"/Users/ryanemorton/Documents/GitHub/myIO/inst/htmlwidgets/myIO/src/themes/palettes.js": {"lines":{"total":10,"covered":10,"skipped":0,"pct":100},"functions":{"total":0,"covered":0,"skipped":0,"pct":100},"statements":{"total":10,"covered":10,"skipped":0,"pct":100},"branches":{"total":0,"covered":0,"skipped":0,"pct":100}}
,"/Users/ryanemorton/Documents/GitHub/myIO/inst/htmlwidgets/myIO/src/utils/export-csv.js": {"lines":{"total":29,"covered":29,"skipped":0,"pct":100},"functions":{"total":2,"covered":2,"skipped":0,"pct":100},"statements":{"total":29,"covered":29,"skipped":0,"pct":100},"branches":{"total":6,"covered":5,"skipped":0,"pct":83.33}}
,"/Users/ryanemorton/Documents/GitHub/myIO/inst/htmlwidgets/myIO/src/utils/export-svg.js": {"lines":{"total":94,"covered":54,"skipped":0,"pct":57.44},"functions":{"total":7,"covered":5,"skipped":0,"pct":71.42},"statements":{"total":94,"covered":54,"skipped":0,"pct":57.44},"branches":{"total":12,"covered":11,"skipped":0,"pct":91.66}}
,"/Users/ryanemorton/Documents/GitHub/myIO/inst/htmlwidgets/myIO/src/utils/file-saver.js": {"lines":{"total":5,"covered":5,"skipped":0,"pct":100},"functions":{"total":10,"covered":0,"skipped":0,"pct":0},"statements":{"total":5,"covered":5,"skipped":0,"pct":100},"branches":{"total":3,"covered":1,"skipped":0,"pct":33.33}}
,"/Users/ryanemorton/Documents/GitHub/myIO/inst/htmlwidgets/myIO/src/utils/math.js": {"lines":{"total":36,"covered":36,"skipped":0,"pct":100},"functions":{"total":3,"covered":3,"skipped":0,"pct":100},"statements":{"total":36,"covered":36,"skipped":0,"pct":100},"branches":{"total":6,"covered":6,"skipped":0,"pct":100}}
,"/Users/ryanemorton/Documents/GitHub/myIO/inst/htmlwidgets/myIO/src/utils/responsive.js": {"lines":{"total":22,"covered":22,"skipped":0,"pct":100},"functions":{"total":7,"covered":7,"skipped":0,"pct":100},"statements":{"total":22,"covered":22,"skipped":0,"pct":100},"branches":{"total":11,"covered":11,"skipped":0,"pct":100}}
}
